<?xml version="1.0" encoding="UTF-8"?>
<!-- Generated by org.testng.reporters.JUnitReportReporter -->
<testsuite skipped="0" hostname="DESKTOP-NSUVEJH" name="org.data.Hey" tests="1" failures="0" timestamp="21 Aug 2021 13:35:05 GMT" time="0.021" errors="0">
  <testcase name="get" time="0.021" classname="org.data.Hey"/>
</testsuite> <!-- org.data.Hey -->
